[0.845s] Invoking command in '/home/franco/Proyecto_ws/src/qr_nav': PYTHONPATH=/home/franco/Proyecto_ws/build/qr_nav/prefix_override:/usr/lib/python3/dist-packages/colcon_core/task/python/colcon_distutils_commands:/home/franco/Proyecto_ws/install/qr_nav/lib/python3.10/site-packages:${PYTHONPATH} /usr/bin/python3 -W ignore:setup.py install is deprecated -W ignore:easy_install command is deprecated setup.py egg_info --egg-base ../../build/qr_nav build --build-base /home/franco/Proyecto_ws/build/qr_nav/build install --record /home/franco/Proyecto_ws/build/qr_nav/install.log --single-version-externally-managed install_data
[1.066s] running egg_info
[1.067s] creating ../../build/qr_nav/qr_nav.egg-info
[1.067s] writing ../../build/qr_nav/qr_nav.egg-info/PKG-INFO
[1.067s] writing dependency_links to ../../build/qr_nav/qr_nav.egg-info/dependency_links.txt
[1.067s] writing entry points to ../../build/qr_nav/qr_nav.egg-info/entry_points.txt
[1.067s] writing requirements to ../../build/qr_nav/qr_nav.egg-info/requires.txt
[1.067s] writing top-level names to ../../build/qr_nav/qr_nav.egg-info/top_level.txt
[1.067s] writing manifest file '../../build/qr_nav/qr_nav.egg-info/SOURCES.txt'
[1.069s] reading manifest file '../../build/qr_nav/qr_nav.egg-info/SOURCES.txt'
[1.069s] writing manifest file '../../build/qr_nav/qr_nav.egg-info/SOURCES.txt'
[1.069s] running build
[1.069s] running build_py
[1.069s] creating /home/franco/Proyecto_ws/build/qr_nav/build
[1.069s] creating /home/franco/Proyecto_ws/build/qr_nav/build/lib
[1.069s] creating /home/franco/Proyecto_ws/build/qr_nav/build/lib/qr_nav
[1.070s] copying qr_nav/reader.py -> /home/franco/Proyecto_ws/build/qr_nav/build/lib/qr_nav
[1.070s] copying qr_nav/Lectura.py -> /home/franco/Proyecto_ws/build/qr_nav/build/lib/qr_nav
[1.070s] copying qr_nav/__init__.py -> /home/franco/Proyecto_ws/build/qr_nav/build/lib/qr_nav
[1.070s] copying qr_nav/camera.py -> /home/franco/Proyecto_ws/build/qr_nav/build/lib/qr_nav
[1.070s] copying qr_nav/nav.py -> /home/franco/Proyecto_ws/build/qr_nav/build/lib/qr_nav
[1.070s] running install
[1.070s] running install_lib
[1.071s] creating /home/franco/Proyecto_ws/install/qr_nav/lib/python3.10/site-packages/qr_nav
[1.071s] copying /home/franco/Proyecto_ws/build/qr_nav/build/lib/qr_nav/reader.py -> /home/franco/Proyecto_ws/install/qr_nav/lib/python3.10/site-packages/qr_nav
[1.071s] copying /home/franco/Proyecto_ws/build/qr_nav/build/lib/qr_nav/Lectura.py -> /home/franco/Proyecto_ws/install/qr_nav/lib/python3.10/site-packages/qr_nav
[1.071s] copying /home/franco/Proyecto_ws/build/qr_nav/build/lib/qr_nav/__init__.py -> /home/franco/Proyecto_ws/install/qr_nav/lib/python3.10/site-packages/qr_nav
[1.071s] copying /home/franco/Proyecto_ws/build/qr_nav/build/lib/qr_nav/camera.py -> /home/franco/Proyecto_ws/install/qr_nav/lib/python3.10/site-packages/qr_nav
[1.071s] copying /home/franco/Proyecto_ws/build/qr_nav/build/lib/qr_nav/nav.py -> /home/franco/Proyecto_ws/install/qr_nav/lib/python3.10/site-packages/qr_nav
[1.072s] byte-compiling /home/franco/Proyecto_ws/install/qr_nav/lib/python3.10/site-packages/qr_nav/reader.py to reader.cpython-310.pyc
[1.072s] byte-compiling /home/franco/Proyecto_ws/install/qr_nav/lib/python3.10/site-packages/qr_nav/Lectura.py to Lectura.cpython-310.pyc
[1.073s] byte-compiling /home/franco/Proyecto_ws/install/qr_nav/lib/python3.10/site-packages/qr_nav/__init__.py to __init__.cpython-310.pyc
[1.073s] byte-compiling /home/franco/Proyecto_ws/install/qr_nav/lib/python3.10/site-packages/qr_nav/camera.py to camera.cpython-310.pyc
[1.073s] byte-compiling /home/franco/Proyecto_ws/install/qr_nav/lib/python3.10/site-packages/qr_nav/nav.py to nav.cpython-310.pyc
[1.074s] running install_data
[1.074s] creating /home/franco/Proyecto_ws/install/qr_nav/share/ament_index
[1.074s] creating /home/franco/Proyecto_ws/install/qr_nav/share/ament_index/resource_index
[1.074s] creating /home/franco/Proyecto_ws/install/qr_nav/share/ament_index/resource_index/packages
[1.074s] copying resource/qr_nav -> /home/franco/Proyecto_ws/install/qr_nav/share/ament_index/resource_index/packages
[1.074s] copying package.xml -> /home/franco/Proyecto_ws/install/qr_nav/share/qr_nav
[1.074s] running install_egg_info
[1.075s] Copying ../../build/qr_nav/qr_nav.egg-info to /home/franco/Proyecto_ws/install/qr_nav/lib/python3.10/site-packages/qr_nav-0.0.0-py3.10.egg-info
[1.076s] running install_scripts
[1.092s] Installing camera script to /home/franco/Proyecto_ws/install/qr_nav/lib/qr_nav
[1.092s] Installing lectura script to /home/franco/Proyecto_ws/install/qr_nav/lib/qr_nav
[1.092s] Installing navigation script to /home/franco/Proyecto_ws/install/qr_nav/lib/qr_nav
[1.092s] Installing reader script to /home/franco/Proyecto_ws/install/qr_nav/lib/qr_nav
[1.093s] writing list of installed files to '/home/franco/Proyecto_ws/build/qr_nav/install.log'
[1.116s] Invoked command in '/home/franco/Proyecto_ws/src/qr_nav' returned '0': PYTHONPATH=/home/franco/Proyecto_ws/build/qr_nav/prefix_override:/usr/lib/python3/dist-packages/colcon_core/task/python/colcon_distutils_commands:/home/franco/Proyecto_ws/install/qr_nav/lib/python3.10/site-packages:${PYTHONPATH} /usr/bin/python3 -W ignore:setup.py install is deprecated -W ignore:easy_install command is deprecated setup.py egg_info --egg-base ../../build/qr_nav build --build-base /home/franco/Proyecto_ws/build/qr_nav/build install --record /home/franco/Proyecto_ws/build/qr_nav/install.log --single-version-externally-managed install_data
