[0.885s] Invoking command in '/home/franco/Proyecto_ws/udp_driver_ws/src/udp_cmd_vel_interpreter': PYTHONPATH=/home/franco/Proyecto_ws/build/udp_cmd_vel_interpreter/prefix_override:/usr/lib/python3/dist-packages/colcon_core/task/python/colcon_distutils_commands:/home/franco/Proyecto_ws/install/udp_cmd_vel_interpreter/lib/python3.10/site-packages:${PYTHONPATH} /usr/bin/python3 -W ignore:setup.py install is deprecated -W ignore:easy_install command is deprecated setup.py egg_info --egg-base ../../../build/udp_cmd_vel_interpreter build --build-base /home/franco/Proyecto_ws/build/udp_cmd_vel_interpreter/build install --record /home/franco/Proyecto_ws/build/udp_cmd_vel_interpreter/install.log --single-version-externally-managed install_data
[1.111s] running egg_info
[1.111s] writing ../../../build/udp_cmd_vel_interpreter/udp_cmd_vel_interpreter.egg-info/PKG-INFO
[1.111s] writing dependency_links to ../../../build/udp_cmd_vel_interpreter/udp_cmd_vel_interpreter.egg-info/dependency_links.txt
[1.111s] writing entry points to ../../../build/udp_cmd_vel_interpreter/udp_cmd_vel_interpreter.egg-info/entry_points.txt
[1.112s] writing requirements to ../../../build/udp_cmd_vel_interpreter/udp_cmd_vel_interpreter.egg-info/requires.txt
[1.112s] writing top-level names to ../../../build/udp_cmd_vel_interpreter/udp_cmd_vel_interpreter.egg-info/top_level.txt
[1.113s] reading manifest file '../../../build/udp_cmd_vel_interpreter/udp_cmd_vel_interpreter.egg-info/SOURCES.txt'
[1.114s] writing manifest file '../../../build/udp_cmd_vel_interpreter/udp_cmd_vel_interpreter.egg-info/SOURCES.txt'
[1.114s] running build
[1.114s] running build_py
[1.114s] running install
[1.114s] running install_lib
[1.115s] running install_data
[1.115s] running install_egg_info
[1.116s] removing '/home/franco/Proyecto_ws/install/udp_cmd_vel_interpreter/lib/python3.10/site-packages/udp_cmd_vel_interpreter-0.0.0-py3.10.egg-info' (and everything under it)
[1.117s] Copying ../../../build/udp_cmd_vel_interpreter/udp_cmd_vel_interpreter.egg-info to /home/franco/Proyecto_ws/install/udp_cmd_vel_interpreter/lib/python3.10/site-packages/udp_cmd_vel_interpreter-0.0.0-py3.10.egg-info
[1.118s] running install_scripts
[1.134s] Installing cmd_vel_udp_interpreter script to /home/franco/Proyecto_ws/install/udp_cmd_vel_interpreter/lib/udp_cmd_vel_interpreter
[1.134s] Installing enconder_udp_interpreter script to /home/franco/Proyecto_ws/install/udp_cmd_vel_interpreter/lib/udp_cmd_vel_interpreter
[1.134s] writing list of installed files to '/home/franco/Proyecto_ws/build/udp_cmd_vel_interpreter/install.log'
[1.158s] Invoked command in '/home/franco/Proyecto_ws/udp_driver_ws/src/udp_cmd_vel_interpreter' returned '0': PYTHONPATH=/home/franco/Proyecto_ws/build/udp_cmd_vel_interpreter/prefix_override:/usr/lib/python3/dist-packages/colcon_core/task/python/colcon_distutils_commands:/home/franco/Proyecto_ws/install/udp_cmd_vel_interpreter/lib/python3.10/site-packages:${PYTHONPATH} /usr/bin/python3 -W ignore:setup.py install is deprecated -W ignore:easy_install command is deprecated setup.py egg_info --egg-base ../../../build/udp_cmd_vel_interpreter build --build-base /home/franco/Proyecto_ws/build/udp_cmd_vel_interpreter/build install --record /home/franco/Proyecto_ws/build/udp_cmd_vel_interpreter/install.log --single-version-externally-managed install_data
