[0.893s] Invoking command in '/home/franco/Proyecto_ws/src/qr_nav': PYTHONPATH=/home/franco/Proyecto_ws/build/qr_nav/prefix_override:/usr/lib/python3/dist-packages/colcon_core/task/python/colcon_distutils_commands:/home/franco/Proyecto_ws/install/qr_nav/lib/python3.10/site-packages:${PYTHONPATH} /usr/bin/python3 -W ignore:setup.py install is deprecated -W ignore:easy_install command is deprecated setup.py egg_info --egg-base ../../build/qr_nav build --build-base /home/franco/Proyecto_ws/build/qr_nav/build install --record /home/franco/Proyecto_ws/build/qr_nav/install.log --single-version-externally-managed install_data
[1.117s] running egg_info
[1.117s] writing ../../build/qr_nav/qr_nav.egg-info/PKG-INFO
[1.118s] writing dependency_links to ../../build/qr_nav/qr_nav.egg-info/dependency_links.txt
[1.118s] writing entry points to ../../build/qr_nav/qr_nav.egg-info/entry_points.txt
[1.118s] writing requirements to ../../build/qr_nav/qr_nav.egg-info/requires.txt
[1.118s] writing top-level names to ../../build/qr_nav/qr_nav.egg-info/top_level.txt
[1.119s] reading manifest file '../../build/qr_nav/qr_nav.egg-info/SOURCES.txt'
[1.120s] writing manifest file '../../build/qr_nav/qr_nav.egg-info/SOURCES.txt'
[1.120s] running build
[1.120s] running build_py
[1.120s] copying qr_nav/nav.py -> /home/franco/Proyecto_ws/build/qr_nav/build/lib/qr_nav
[1.120s] running install
[1.121s] running install_lib
[1.121s] copying /home/franco/Proyecto_ws/build/qr_nav/build/lib/qr_nav/nav.py -> /home/franco/Proyecto_ws/install/qr_nav/lib/python3.10/site-packages/qr_nav
[1.122s] byte-compiling /home/franco/Proyecto_ws/install/qr_nav/lib/python3.10/site-packages/qr_nav/nav.py to nav.cpython-310.pyc
[1.122s] running install_data
[1.123s] running install_egg_info
[1.124s] removing '/home/franco/Proyecto_ws/install/qr_nav/lib/python3.10/site-packages/qr_nav-0.0.0-py3.10.egg-info' (and everything under it)
[1.124s] Copying ../../build/qr_nav/qr_nav.egg-info to /home/franco/Proyecto_ws/install/qr_nav/lib/python3.10/site-packages/qr_nav-0.0.0-py3.10.egg-info
[1.125s] running install_scripts
[1.141s] Installing camera script to /home/franco/Proyecto_ws/install/qr_nav/lib/qr_nav
[1.141s] Installing lectura script to /home/franco/Proyecto_ws/install/qr_nav/lib/qr_nav
[1.141s] Installing navigation script to /home/franco/Proyecto_ws/install/qr_nav/lib/qr_nav
[1.141s] Installing reader script to /home/franco/Proyecto_ws/install/qr_nav/lib/qr_nav
[1.142s] writing list of installed files to '/home/franco/Proyecto_ws/build/qr_nav/install.log'
[1.172s] Invoked command in '/home/franco/Proyecto_ws/src/qr_nav' returned '0': PYTHONPATH=/home/franco/Proyecto_ws/build/qr_nav/prefix_override:/usr/lib/python3/dist-packages/colcon_core/task/python/colcon_distutils_commands:/home/franco/Proyecto_ws/install/qr_nav/lib/python3.10/site-packages:${PYTHONPATH} /usr/bin/python3 -W ignore:setup.py install is deprecated -W ignore:easy_install command is deprecated setup.py egg_info --egg-base ../../build/qr_nav build --build-base /home/franco/Proyecto_ws/build/qr_nav/build install --record /home/franco/Proyecto_ws/build/qr_nav/install.log --single-version-externally-managed install_data
