running egg_info
writing ../../../build/udp_cmd_vel_interpreter/udp_cmd_vel_interpreter.egg-info/PKG-INFO
writing dependency_links to ../../../build/udp_cmd_vel_interpreter/udp_cmd_vel_interpreter.egg-info/dependency_links.txt
writing entry points to ../../../build/udp_cmd_vel_interpreter/udp_cmd_vel_interpreter.egg-info/entry_points.txt
writing requirements to ../../../build/udp_cmd_vel_interpreter/udp_cmd_vel_interpreter.egg-info/requires.txt
writing top-level names to ../../../build/udp_cmd_vel_interpreter/udp_cmd_vel_interpreter.egg-info/top_level.txt
reading manifest file '../../../build/udp_cmd_vel_interpreter/udp_cmd_vel_interpreter.egg-info/SOURCES.txt'
writing manifest file '../../../build/udp_cmd_vel_interpreter/udp_cmd_vel_interpreter.egg-info/SOURCES.txt'
running build
running build_py
running install
running install_lib
running install_data
running install_egg_info
removing '/home/franco/Proyecto_ws/install/udp_cmd_vel_interpreter/lib/python3.10/site-packages/udp_cmd_vel_interpreter-0.0.0-py3.10.egg-info' (and everything under it)
Copying ../../../build/udp_cmd_vel_interpreter/udp_cmd_vel_interpreter.egg-info to /home/franco/Proyecto_ws/install/udp_cmd_vel_interpreter/lib/python3.10/site-packages/udp_cmd_vel_interpreter-0.0.0-py3.10.egg-info
running install_scripts
Installing cmd_vel_udp_interpreter script to /home/franco/Proyecto_ws/install/udp_cmd_vel_interpreter/lib/udp_cmd_vel_interpreter
Installing enconder_udp_interpreter script to /home/franco/Proyecto_ws/install/udp_cmd_vel_interpreter/lib/udp_cmd_vel_interpreter
writing list of installed files to '/home/franco/Proyecto_ws/build/udp_cmd_vel_interpreter/install.log'
