[0.592s] Invoking command in '/home/franco/Proyecto_ws/udp_driver_ws/src/udp_cmd_vel_interpreter': PYTHONPATH=/home/franco/Proyecto_ws/build/udp_cmd_vel_interpreter/prefix_override:/usr/lib/python3/dist-packages/colcon_core/task/python/colcon_distutils_commands:/home/franco/Proyecto_ws/install/udp_cmd_vel_interpreter/lib/python3.10/site-packages:${PYTHONPATH} /usr/bin/python3 -W ignore:setup.py install is deprecated setup.py egg_info --egg-base ../../../build/udp_cmd_vel_interpreter build --build-base /home/franco/Proyecto_ws/build/udp_cmd_vel_interpreter/build install --record /home/franco/Proyecto_ws/build/udp_cmd_vel_interpreter/install.log --single-version-externally-managed install_data
[0.809s] running egg_info
[0.810s] writing ../../../build/udp_cmd_vel_interpreter/udp_cmd_vel_interpreter.egg-info/PKG-INFO
[0.810s] writing dependency_links to ../../../build/udp_cmd_vel_interpreter/udp_cmd_vel_interpreter.egg-info/dependency_links.txt
[0.810s] writing entry points to ../../../build/udp_cmd_vel_interpreter/udp_cmd_vel_interpreter.egg-info/entry_points.txt
[0.810s] writing requirements to ../../../build/udp_cmd_vel_interpreter/udp_cmd_vel_interpreter.egg-info/requires.txt
[0.810s] writing top-level names to ../../../build/udp_cmd_vel_interpreter/udp_cmd_vel_interpreter.egg-info/top_level.txt
[0.812s] reading manifest file '../../../build/udp_cmd_vel_interpreter/udp_cmd_vel_interpreter.egg-info/SOURCES.txt'
[0.812s] writing manifest file '../../../build/udp_cmd_vel_interpreter/udp_cmd_vel_interpreter.egg-info/SOURCES.txt'
[0.812s] running build
[0.813s] running build_py
[0.813s] running install
[0.813s] running install_lib
[0.814s] running install_data
[0.814s] running install_egg_info
[0.815s] removing '/home/franco/Proyecto_ws/install/udp_cmd_vel_interpreter/lib/python3.10/site-packages/udp_cmd_vel_interpreter-0.0.0-py3.10.egg-info' (and everything under it)
[0.816s] Copying ../../../build/udp_cmd_vel_interpreter/udp_cmd_vel_interpreter.egg-info to /home/franco/Proyecto_ws/install/udp_cmd_vel_interpreter/lib/python3.10/site-packages/udp_cmd_vel_interpreter-0.0.0-py3.10.egg-info
[0.816s] running install_scripts
[0.832s] Installing cmd_vel_udp_interpreter script to /home/franco/Proyecto_ws/install/udp_cmd_vel_interpreter/lib/udp_cmd_vel_interpreter
[0.832s] Installing enconder_udp_interpreter script to /home/franco/Proyecto_ws/install/udp_cmd_vel_interpreter/lib/udp_cmd_vel_interpreter
[0.832s] writing list of installed files to '/home/franco/Proyecto_ws/build/udp_cmd_vel_interpreter/install.log'
[0.849s] Invoked command in '/home/franco/Proyecto_ws/udp_driver_ws/src/udp_cmd_vel_interpreter' returned '0': PYTHONPATH=/home/franco/Proyecto_ws/build/udp_cmd_vel_interpreter/prefix_override:/usr/lib/python3/dist-packages/colcon_core/task/python/colcon_distutils_commands:/home/franco/Proyecto_ws/install/udp_cmd_vel_interpreter/lib/python3.10/site-packages:${PYTHONPATH} /usr/bin/python3 -W ignore:setup.py install is deprecated setup.py egg_info --egg-base ../../../build/udp_cmd_vel_interpreter build --build-base /home/franco/Proyecto_ws/build/udp_cmd_vel_interpreter/build install --record /home/franco/Proyecto_ws/build/udp_cmd_vel_interpreter/install.log --single-version-externally-managed install_data
