/home/franco/Proyecto_ws/install/qr_nav/lib/python3.10/site-packages/qr_nav/reader.py
/home/franco/Proyecto_ws/install/qr_nav/lib/python3.10/site-packages/qr_nav/prueba.py
/home/franco/Proyecto_ws/install/qr_nav/lib/python3.10/site-packages/qr_nav/Lectura.py
/home/franco/Proyecto_ws/install/qr_nav/lib/python3.10/site-packages/qr_nav/__init__.py
/home/franco/Proyecto_ws/install/qr_nav/lib/python3.10/site-packages/qr_nav/camera.py
/home/franco/Proyecto_ws/install/qr_nav/lib/python3.10/site-packages/qr_nav/nav.py
/home/franco/Proyecto_ws/install/qr_nav/lib/python3.10/site-packages/qr_nav/__pycache__/reader.cpython-310.pyc
/home/franco/Proyecto_ws/install/qr_nav/lib/python3.10/site-packages/qr_nav/__pycache__/prueba.cpython-310.pyc
/home/franco/Proyecto_ws/install/qr_nav/lib/python3.10/site-packages/qr_nav/__pycache__/Lectura.cpython-310.pyc
/home/franco/Proyecto_ws/install/qr_nav/lib/python3.10/site-packages/qr_nav/__pycache__/__init__.cpython-310.pyc
/home/franco/Proyecto_ws/install/qr_nav/lib/python3.10/site-packages/qr_nav/__pycache__/camera.cpython-310.pyc
/home/franco/Proyecto_ws/install/qr_nav/lib/python3.10/site-packages/qr_nav/__pycache__/nav.cpython-310.pyc
/home/franco/Proyecto_ws/install/qr_nav/share/ament_index/resource_index/packages/qr_nav
/home/franco/Proyecto_ws/install/qr_nav/share/qr_nav/package.xml
/home/franco/Proyecto_ws/install/qr_nav/lib/python3.10/site-packages/qr_nav-0.0.0-py3.10.egg-info/zip-safe
/home/franco/Proyecto_ws/install/qr_nav/lib/python3.10/site-packages/qr_nav-0.0.0-py3.10.egg-info/PKG-INFO
/home/franco/Proyecto_ws/install/qr_nav/lib/python3.10/site-packages/qr_nav-0.0.0-py3.10.egg-info/requires.txt
/home/franco/Proyecto_ws/install/qr_nav/lib/python3.10/site-packages/qr_nav-0.0.0-py3.10.egg-info/dependency_links.txt
/home/franco/Proyecto_ws/install/qr_nav/lib/python3.10/site-packages/qr_nav-0.0.0-py3.10.egg-info/entry_points.txt
/home/franco/Proyecto_ws/install/qr_nav/lib/python3.10/site-packages/qr_nav-0.0.0-py3.10.egg-info/top_level.txt
/home/franco/Proyecto_ws/install/qr_nav/lib/python3.10/site-packages/qr_nav-0.0.0-py3.10.egg-info/SOURCES.txt
/home/franco/Proyecto_ws/install/qr_nav/lib/qr_nav/camera
/home/franco/Proyecto_ws/install/qr_nav/lib/qr_nav/lectura
/home/franco/Proyecto_ws/install/qr_nav/lib/qr_nav/navigation
/home/franco/Proyecto_ws/install/qr_nav/lib/qr_nav/reader
