running egg_info
creating ../../../build/udp_cmd_vel_interpreter/udp_cmd_vel_interpreter.egg-info
writing ../../../build/udp_cmd_vel_interpreter/udp_cmd_vel_interpreter.egg-info/PKG-INFO
writing dependency_links to ../../../build/udp_cmd_vel_interpreter/udp_cmd_vel_interpreter.egg-info/dependency_links.txt
writing entry points to ../../../build/udp_cmd_vel_interpreter/udp_cmd_vel_interpreter.egg-info/entry_points.txt
writing requirements to ../../../build/udp_cmd_vel_interpreter/udp_cmd_vel_interpreter.egg-info/requires.txt
writing top-level names to ../../../build/udp_cmd_vel_interpreter/udp_cmd_vel_interpreter.egg-info/top_level.txt
writing manifest file '../../../build/udp_cmd_vel_interpreter/udp_cmd_vel_interpreter.egg-info/SOURCES.txt'
reading manifest file '../../../build/udp_cmd_vel_interpreter/udp_cmd_vel_interpreter.egg-info/SOURCES.txt'
writing manifest file '../../../build/udp_cmd_vel_interpreter/udp_cmd_vel_interpreter.egg-info/SOURCES.txt'
running build
running build_py
creating /home/franco/Proyecto_ws/build/udp_cmd_vel_interpreter/build
creating /home/franco/Proyecto_ws/build/udp_cmd_vel_interpreter/build/lib
creating /home/franco/Proyecto_ws/build/udp_cmd_vel_interpreter/build/lib/udp_cmd_vel_interpreter
copying udp_cmd_vel_interpreter/cmd_vel_udp_interpreter.py -> /home/franco/Proyecto_ws/build/udp_cmd_vel_interpreter/build/lib/udp_cmd_vel_interpreter
copying udp_cmd_vel_interpreter/enconder_udp_interpreter.py -> /home/franco/Proyecto_ws/build/udp_cmd_vel_interpreter/build/lib/udp_cmd_vel_interpreter
copying udp_cmd_vel_interpreter/__init__.py -> /home/franco/Proyecto_ws/build/udp_cmd_vel_interpreter/build/lib/udp_cmd_vel_interpreter
running install
running install_lib
creating /home/franco/Proyecto_ws/install/udp_cmd_vel_interpreter/lib/python3.10/site-packages/udp_cmd_vel_interpreter
copying /home/franco/Proyecto_ws/build/udp_cmd_vel_interpreter/build/lib/udp_cmd_vel_interpreter/cmd_vel_udp_interpreter.py -> /home/franco/Proyecto_ws/install/udp_cmd_vel_interpreter/lib/python3.10/site-packages/udp_cmd_vel_interpreter
copying /home/franco/Proyecto_ws/build/udp_cmd_vel_interpreter/build/lib/udp_cmd_vel_interpreter/enconder_udp_interpreter.py -> /home/franco/Proyecto_ws/install/udp_cmd_vel_interpreter/lib/python3.10/site-packages/udp_cmd_vel_interpreter
copying /home/franco/Proyecto_ws/build/udp_cmd_vel_interpreter/build/lib/udp_cmd_vel_interpreter/__init__.py -> /home/franco/Proyecto_ws/install/udp_cmd_vel_interpreter/lib/python3.10/site-packages/udp_cmd_vel_interpreter
byte-compiling /home/franco/Proyecto_ws/install/udp_cmd_vel_interpreter/lib/python3.10/site-packages/udp_cmd_vel_interpreter/cmd_vel_udp_interpreter.py to cmd_vel_udp_interpreter.cpython-310.pyc
byte-compiling /home/franco/Proyecto_ws/install/udp_cmd_vel_interpreter/lib/python3.10/site-packages/udp_cmd_vel_interpreter/enconder_udp_interpreter.py to enconder_udp_interpreter.cpython-310.pyc
byte-compiling /home/franco/Proyecto_ws/install/udp_cmd_vel_interpreter/lib/python3.10/site-packages/udp_cmd_vel_interpreter/__init__.py to __init__.cpython-310.pyc
running install_data
creating /home/franco/Proyecto_ws/install/udp_cmd_vel_interpreter/share/ament_index
creating /home/franco/Proyecto_ws/install/udp_cmd_vel_interpreter/share/ament_index/resource_index
creating /home/franco/Proyecto_ws/install/udp_cmd_vel_interpreter/share/ament_index/resource_index/packages
copying resource/udp_cmd_vel_interpreter -> /home/franco/Proyecto_ws/install/udp_cmd_vel_interpreter/share/ament_index/resource_index/packages
copying package.xml -> /home/franco/Proyecto_ws/install/udp_cmd_vel_interpreter/share/udp_cmd_vel_interpreter
running install_egg_info
Copying ../../../build/udp_cmd_vel_interpreter/udp_cmd_vel_interpreter.egg-info to /home/franco/Proyecto_ws/install/udp_cmd_vel_interpreter/lib/python3.10/site-packages/udp_cmd_vel_interpreter-0.0.0-py3.10.egg-info
running install_scripts
Installing cmd_vel_udp_interpreter script to /home/franco/Proyecto_ws/install/udp_cmd_vel_interpreter/lib/udp_cmd_vel_interpreter
Installing enconder_udp_interpreter script to /home/franco/Proyecto_ws/install/udp_cmd_vel_interpreter/lib/udp_cmd_vel_interpreter
writing list of installed files to '/home/franco/Proyecto_ws/build/udp_cmd_vel_interpreter/install.log'
