[0.700s] Invoking command in '/home/franco/Proyecto_ws/udp_driver_ws/src/udp_cmd_vel_interpreter': PYTHONPATH=/home/franco/Proyecto_ws/build/udp_cmd_vel_interpreter/prefix_override:/usr/lib/python3/dist-packages/colcon_core/task/python/colcon_distutils_commands:/home/franco/Proyecto_ws/install/udp_cmd_vel_interpreter/lib/python3.10/site-packages:${PYTHONPATH} /usr/bin/python3 -W ignore:setup.py install is deprecated setup.py egg_info --egg-base ../../../build/udp_cmd_vel_interpreter build --build-base /home/franco/Proyecto_ws/build/udp_cmd_vel_interpreter/build install --record /home/franco/Proyecto_ws/build/udp_cmd_vel_interpreter/install.log --single-version-externally-managed install_data
[0.919s] running egg_info
[0.919s] creating ../../../build/udp_cmd_vel_interpreter/udp_cmd_vel_interpreter.egg-info
[0.920s] writing ../../../build/udp_cmd_vel_interpreter/udp_cmd_vel_interpreter.egg-info/PKG-INFO
[0.920s] writing dependency_links to ../../../build/udp_cmd_vel_interpreter/udp_cmd_vel_interpreter.egg-info/dependency_links.txt
[0.920s] writing entry points to ../../../build/udp_cmd_vel_interpreter/udp_cmd_vel_interpreter.egg-info/entry_points.txt
[0.920s] writing requirements to ../../../build/udp_cmd_vel_interpreter/udp_cmd_vel_interpreter.egg-info/requires.txt
[0.920s] writing top-level names to ../../../build/udp_cmd_vel_interpreter/udp_cmd_vel_interpreter.egg-info/top_level.txt
[0.920s] writing manifest file '../../../build/udp_cmd_vel_interpreter/udp_cmd_vel_interpreter.egg-info/SOURCES.txt'
[0.922s] reading manifest file '../../../build/udp_cmd_vel_interpreter/udp_cmd_vel_interpreter.egg-info/SOURCES.txt'
[0.922s] writing manifest file '../../../build/udp_cmd_vel_interpreter/udp_cmd_vel_interpreter.egg-info/SOURCES.txt'
[0.922s] running build
[0.922s] running build_py
[0.922s] creating /home/franco/Proyecto_ws/build/udp_cmd_vel_interpreter/build
[0.922s] creating /home/franco/Proyecto_ws/build/udp_cmd_vel_interpreter/build/lib
[0.923s] creating /home/franco/Proyecto_ws/build/udp_cmd_vel_interpreter/build/lib/udp_cmd_vel_interpreter
[0.923s] copying udp_cmd_vel_interpreter/cmd_vel_udp_interpreter.py -> /home/franco/Proyecto_ws/build/udp_cmd_vel_interpreter/build/lib/udp_cmd_vel_interpreter
[0.923s] copying udp_cmd_vel_interpreter/enconder_udp_interpreter.py -> /home/franco/Proyecto_ws/build/udp_cmd_vel_interpreter/build/lib/udp_cmd_vel_interpreter
[0.923s] copying udp_cmd_vel_interpreter/__init__.py -> /home/franco/Proyecto_ws/build/udp_cmd_vel_interpreter/build/lib/udp_cmd_vel_interpreter
[0.923s] running install
[0.923s] running install_lib
[0.923s] creating /home/franco/Proyecto_ws/install/udp_cmd_vel_interpreter/lib/python3.10/site-packages/udp_cmd_vel_interpreter
[0.924s] copying /home/franco/Proyecto_ws/build/udp_cmd_vel_interpreter/build/lib/udp_cmd_vel_interpreter/cmd_vel_udp_interpreter.py -> /home/franco/Proyecto_ws/install/udp_cmd_vel_interpreter/lib/python3.10/site-packages/udp_cmd_vel_interpreter
[0.924s] copying /home/franco/Proyecto_ws/build/udp_cmd_vel_interpreter/build/lib/udp_cmd_vel_interpreter/enconder_udp_interpreter.py -> /home/franco/Proyecto_ws/install/udp_cmd_vel_interpreter/lib/python3.10/site-packages/udp_cmd_vel_interpreter
[0.924s] copying /home/franco/Proyecto_ws/build/udp_cmd_vel_interpreter/build/lib/udp_cmd_vel_interpreter/__init__.py -> /home/franco/Proyecto_ws/install/udp_cmd_vel_interpreter/lib/python3.10/site-packages/udp_cmd_vel_interpreter
[0.924s] byte-compiling /home/franco/Proyecto_ws/install/udp_cmd_vel_interpreter/lib/python3.10/site-packages/udp_cmd_vel_interpreter/cmd_vel_udp_interpreter.py to cmd_vel_udp_interpreter.cpython-310.pyc
[0.925s] byte-compiling /home/franco/Proyecto_ws/install/udp_cmd_vel_interpreter/lib/python3.10/site-packages/udp_cmd_vel_interpreter/enconder_udp_interpreter.py to enconder_udp_interpreter.cpython-310.pyc
[0.925s] byte-compiling /home/franco/Proyecto_ws/install/udp_cmd_vel_interpreter/lib/python3.10/site-packages/udp_cmd_vel_interpreter/__init__.py to __init__.cpython-310.pyc
[0.925s] running install_data
[0.925s] creating /home/franco/Proyecto_ws/install/udp_cmd_vel_interpreter/share/ament_index
[0.925s] creating /home/franco/Proyecto_ws/install/udp_cmd_vel_interpreter/share/ament_index/resource_index
[0.925s] creating /home/franco/Proyecto_ws/install/udp_cmd_vel_interpreter/share/ament_index/resource_index/packages
[0.926s] copying resource/udp_cmd_vel_interpreter -> /home/franco/Proyecto_ws/install/udp_cmd_vel_interpreter/share/ament_index/resource_index/packages
[0.926s] copying package.xml -> /home/franco/Proyecto_ws/install/udp_cmd_vel_interpreter/share/udp_cmd_vel_interpreter
[0.926s] running install_egg_info
[0.927s] Copying ../../../build/udp_cmd_vel_interpreter/udp_cmd_vel_interpreter.egg-info to /home/franco/Proyecto_ws/install/udp_cmd_vel_interpreter/lib/python3.10/site-packages/udp_cmd_vel_interpreter-0.0.0-py3.10.egg-info
[0.928s] running install_scripts
[0.943s] Installing cmd_vel_udp_interpreter script to /home/franco/Proyecto_ws/install/udp_cmd_vel_interpreter/lib/udp_cmd_vel_interpreter
[0.944s] Installing enconder_udp_interpreter script to /home/franco/Proyecto_ws/install/udp_cmd_vel_interpreter/lib/udp_cmd_vel_interpreter
[0.944s] writing list of installed files to '/home/franco/Proyecto_ws/build/udp_cmd_vel_interpreter/install.log'
[0.960s] Invoked command in '/home/franco/Proyecto_ws/udp_driver_ws/src/udp_cmd_vel_interpreter' returned '0': PYTHONPATH=/home/franco/Proyecto_ws/build/udp_cmd_vel_interpreter/prefix_override:/usr/lib/python3/dist-packages/colcon_core/task/python/colcon_distutils_commands:/home/franco/Proyecto_ws/install/udp_cmd_vel_interpreter/lib/python3.10/site-packages:${PYTHONPATH} /usr/bin/python3 -W ignore:setup.py install is deprecated setup.py egg_info --egg-base ../../../build/udp_cmd_vel_interpreter build --build-base /home/franco/Proyecto_ws/build/udp_cmd_vel_interpreter/build install --record /home/franco/Proyecto_ws/build/udp_cmd_vel_interpreter/install.log --single-version-externally-managed install_data
